2013-08-21 09:35:16 Emails: 
From: y.marquis.a@gmail.com
X-Mailer: CakePHP Email
Date: Wed, 21 Aug 2013 09:35:16 +0900
Message-ID: <52140b449b944daaa43c5be531d42e82@www31092u.sakura.ne.jp>
MIME-Version: 1.0
Content-Type: text/plain; charset=UTF-8
Content-Transfer-Encoding: 8bit
テストnameですテストです。ありがとうございました。test

This email was sent using the CakePHP Framework, http://cakephp.org.

2013-08-21 09:36:35 Emails: 
From: y.marquis.a@gmail.com
X-Mailer: CakePHP Email
Date: Wed, 21 Aug 2013 09:36:35 +0900
Message-ID: <52140b9302bc44bc8d855be631d42e82@www31092u.sakura.ne.jp>
MIME-Version: 1.0
Content-Type: text/plain; charset=UTF-8
Content-Transfer-Encoding: 8bit
テストnameですテストです。ありがとうございました。test

This email was sent using the CakePHP Framework, http://cakephp.org.

2013-08-21 09:38:59 Emails: 
From: y.marquis.a@gmail.com
X-Mailer: CakePHP Email
Date: Wed, 21 Aug 2013 09:38:59 +0900
Message-ID: <52140c23349c49559b5f5be331d42e82@www31092u.sakura.ne.jp>
MIME-Version: 1.0
Content-Type: text/plain; charset=UTF-8
Content-Transfer-Encoding: 8bit
テストnameですテストです。ありがとうございました。test

This email was sent using the CakePHP Framework, http://cakephp.org.

2013-08-21 09:42:32 Emails: 
From: y.marquis.a@gmail.com
X-Mailer: CakePHP Email
Date: Wed, 21 Aug 2013 09:42:32 +0900
Message-ID: <52140cf81ad8413f9d8e5be631d42e82@www31092u.sakura.ne.jp>
MIME-Version: 1.0
Content-Type: text/plain; charset=UTF-8
Content-Transfer-Encoding: 8bit
テストnameですテストです。ありがとうございました。test

This email was sent using the CakePHP Framework, http://cakephp.org.

