2013-12-25 22:29:20 Log: Array
(
    [0] => Array
        (
            [Post] => Array
                (
                    [id] => 33
                    [user_id] => 92
                    [contacter_id] => 98
                    [start_id] => 1
                    [goal_id] => 2
                    [dpflag] => 1
                    [stateflag] => 0
                    [member] => 0
                    [encount] => 2013-12-31 00:00:00
                    [created] => 2013-12-13 22:05:23
                    [modified] => 2013-12-13 22:05:23
                )

            [Start] => Array
                (
                    [id] => 1
                    [name] => 滝沢駅
                    [area] => 滝沢
                    [Post] => Array
                        (
                        )

                )

            [Goal] => Array
                (
                    [id] => 2
                    [name] => 県大
                    [area] => 滝沢
                    [Post] => Array
                        (
                        )

                )

            [User] => Array
                (
                    [id] => 92
                    [driverflag] => 0
                    [username] => g031j126
                    [password] => 31c66115b2f67cb9b2e62ceb2786c4f7fa49e930
                    [address] => g031j126@s.iwate-pu.ac.jp
                    [gender] => 
                    [grade] => 
                    [faculty] => 
                    [hobby] => 
                    [club] => 
                    [from] => 
                    [subculture] => 
                    [capacity] => 0
                    [comment] => 
                    [created] => 2013-11-28 00:34:44
                    [modified] => 2013-11-28 00:35:42
                    [Post] => Array
                        (
                            [0] => Array
                                (
                                    [id] => 33
                                    [user_id] => 92
                                    [contacter_id] => 98
                                    [start_id] => 1
                                    [goal_id] => 2
                                    [dpflag] => 1
                                    [stateflag] => 0
                                    [member] => 0
                                    [encount] => 2013-12-31 00:00:00
                                    [created] => 2013-12-13 22:05:23
                                    [modified] => 2013-12-13 22:05:23
                                )

                        )

                    [Contact] => Array
                        (
                            [0] => Array
                                (
                                    [id] => 18
                                    [user_id] => 92
                                    [post_id] => 34
                                    [created] => 2013-12-13 22:32:21
                                )

                        )

                )

            [Contact] => Array
                (
                    [0] => Array
                        (
                            [id] => 17
                            [user_id] => 98
                            [post_id] => 33
                            [created] => 2013-12-13 22:19:31
                            [User] => Array
                                (
                                    [id] => 98
                                    [driverflag] => 1
                                    [username] => g031j156
                                    [password] => ca933cf812624d8f11a0d1010f45c9d87f7a816d
                                    [address] => y.marquis.a@gmail.com
                                    [gender] => 男性
                                    [grade] => 学部1年
                                    [faculty] => 総合政策学部
                                    [hobby] => 車いじり
                                    [club] => バスケメイン
                                    [from] => 秋田
                                    [subculture] => dubstep
                                    [capacity] => 3
                                    [comment] => 
                                    [created] => 2013-12-13 22:17:51
                                    [modified] => 2013-12-17 17:58:38
                                )

                        )

                )

        )

    [1] => Array
        (
            [Post] => Array
                (
                    [id] => 34
                    [user_id] => 98
                    [contacter_id] => 92
                    [start_id] => 1
                    [goal_id] => 4
                    [dpflag] => 0
                    [stateflag] => 1
                    [member] => 0
                    [encount] => 2013-12-27 00:00:00
                    [created] => 2013-12-13 22:30:58
                    [modified] => 2013-12-13 22:30:58
                )

            [Start] => Array
                (
                    [id] => 1
                    [name] => 滝沢駅
                    [area] => 滝沢
                    [Post] => Array
                        (
                        )

                )

            [Goal] => Array
                (
                    [id] => 4
                    [name] => 厨川駅
                    [area] => 厨川
                    [Post] => Array
                        (
                        )

                )

            [User] => Array
                (
                    [id] => 98
                    [driverflag] => 1
                    [username] => g031j156
                    [password] => ca933cf812624d8f11a0d1010f45c9d87f7a816d
                    [address] => y.marquis.a@gmail.com
                    [gender] => 男性
                    [grade] => 学部1年
                    [faculty] => 総合政策学部
                    [hobby] => 車いじり
                    [club] => バスケメイン
                    [from] => 秋田
                    [subculture] => dubstep
                    [capacity] => 3
                    [comment] => 
                    [created] => 2013-12-13 22:17:51
                    [modified] => 2013-12-17 17:58:38
                    [Post] => Array
                        (
                            [0] => Array
                                (
                                    [id] => 34
                                    [user_id] => 98
                                    [contacter_id] => 92
                                    [start_id] => 1
                                    [goal_id] => 4
                                    [dpflag] => 0
                                    [stateflag] => 1
                                    [member] => 0
                                    [encount] => 2013-12-27 00:00:00
                                    [created] => 2013-12-13 22:30:58
                                    [modified] => 2013-12-13 22:30:58
                                )

                            [1] => Array
                                (
                                    [id] => 35
                                    [user_id] => 98
                                    [contacter_id] => 0
                                    [start_id] => 6
                                    [goal_id] => 1
                                    [dpflag] => 1
                                    [stateflag] => 0
                                    [member] => 1
                                    [encount] => 2013-12-31 00:00:00
                                    [created] => 2013-12-16 11:54:52
                                    [modified] => 2013-12-16 11:54:52
                                )

                            [2] => Array
                                (
                                    [id] => 36
                                    [user_id] => 98
                                    [contacter_id] => 0
                                    [start_id] => 1
                                    [goal_id] => 5
                                    [dpflag] => 1
                                    [stateflag] => 1
                                    [member] => 7
                                    [encount] => 0000-00-00 00:00:00
                                    [created] => 2013-12-19 21:46:33
                                    [modified] => 2013-12-19 21:46:33
                                )

                            [3] => Array
                                (
                                    [id] => 37
                                    [user_id] => 98
                                    [contacter_id] => 0
                                    [start_id] => 2
                                    [goal_id] => 6
                                    [dpflag] => 0
                                    [stateflag] => 1
                                    [member] => 3
                                    [encount] => 0000-00-00 00:00:00
                                    [created] => 2013-12-19 21:50:58
                                    [modified] => 2013-12-19 21:50:58
                                )

                        )

                    [Contact] => Array
                        (
                            [0] => Array
                                (
                                    [id] => 17
                                    [user_id] => 98
                                    [post_id] => 33
                                    [created] => 2013-12-13 22:19:31
                                )

                            [1] => Array
                                (
                                    [id] => 20
                                    [user_id] => 98
                                    [post_id] => 38
                                    [created] => 2013-12-23 21:59:25
                                )

                        )

                )

            [Contact] => Array
                (
                    [0] => Array
                        (
                            [id] => 18
                            [user_id] => 92
                            [post_id] => 34
                            [created] => 2013-12-13 22:32:21
                            [User] => Array
                                (
                                    [id] => 92
                                    [driverflag] => 0
                                    [username] => g031j126
                                    [password] => 31c66115b2f67cb9b2e62ceb2786c4f7fa49e930
                                    [address] => g031j126@s.iwate-pu.ac.jp
                                    [gender] => 
                                    [grade] => 
                                    [faculty] => 
                                    [hobby] => 
                                    [club] => 
                                    [from] => 
                                    [subculture] => 
                                    [capacity] => 0
                                    [comment] => 
                                    [created] => 2013-11-28 00:34:44
                                    [modified] => 2013-11-28 00:35:42
                                )

                        )

                )

        )

    [2] => Array
        (
            [Post] => Array
                (
                    [id] => 35
                    [user_id] => 98
                    [contacter_id] => 0
                    [start_id] => 6
                    [goal_id] => 1
                    [dpflag] => 1
                    [stateflag] => 0
                    [member] => 1
                    [encount] => 2013-12-31 00:00:00
                    [created] => 2013-12-16 11:54:52
                    [modified] => 2013-12-16 11:54:52
                )

            [Start] => Array
                (
                    [id] => 6
                    [name] => 盛岡駅
                    [area] => 盛岡
                    [Post] => Array
                        (
                        )

                )

            [Goal] => Array
                (
                    [id] => 1
                    [name] => 滝沢駅
                    [area] => 滝沢
                    [Post] => Array
                        (
                        )

                )

            [User] => Array
                (
                    [id] => 98
                    [driverflag] => 1
                    [username] => g031j156
                    [password] => ca933cf812624d8f11a0d1010f45c9d87f7a816d
                    [address] => y.marquis.a@gmail.com
                    [gender] => 男性
                    [grade] => 学部1年
                    [faculty] => 総合政策学部
                    [hobby] => 車いじり
                    [club] => バスケメイン
                    [from] => 秋田
                    [subculture] => dubstep
                    [capacity] => 3
                    [comment] => 
                    [created] => 2013-12-13 22:17:51
                    [modified] => 2013-12-17 17:58:38
                    [Post] => Array
                        (
                            [0] => Array
                                (
                                    [id] => 34
                                    [user_id] => 98
                                    [contacter_id] => 92
                                    [start_id] => 1
                                    [goal_id] => 4
                                    [dpflag] => 0
                                    [stateflag] => 1
                                    [member] => 0
                                    [encount] => 2013-12-27 00:00:00
                                    [created] => 2013-12-13 22:30:58
                                    [modified] => 2013-12-13 22:30:58
                                )

                            [1] => Array
                                (
                                    [id] => 35
                                    [user_id] => 98
                                    [contacter_id] => 0
                                    [start_id] => 6
                                    [goal_id] => 1
                                    [dpflag] => 1
                                    [stateflag] => 0
                                    [member] => 1
                                    [encount] => 2013-12-31 00:00:00
                                    [created] => 2013-12-16 11:54:52
                                    [modified] => 2013-12-16 11:54:52
                                )

                            [2] => Array
                                (
                                    [id] => 36
                                    [user_id] => 98
                                    [contacter_id] => 0
                                    [start_id] => 1
                                    [goal_id] => 5
                                    [dpflag] => 1
                                    [stateflag] => 1
                                    [member] => 7
                                    [encount] => 0000-00-00 00:00:00
                                    [created] => 2013-12-19 21:46:33
                                    [modified] => 2013-12-19 21:46:33
                                )

                            [3] => Array
                                (
                                    [id] => 37
                                    [user_id] => 98
                                    [contacter_id] => 0
                                    [start_id] => 2
                                    [goal_id] => 6
                                    [dpflag] => 0
                                    [stateflag] => 1
                                    [member] => 3
                                    [encount] => 0000-00-00 00:00:00
                                    [created] => 2013-12-19 21:50:58
                                    [modified] => 2013-12-19 21:50:58
                                )

                        )

                    [Contact] => Array
                        (
                            [0] => Array
                                (
                                    [id] => 17
                                    [user_id] => 98
                                    [post_id] => 33
                                    [created] => 2013-12-13 22:19:31
                                )

                            [1] => Array
                                (
                                    [id] => 20
                                    [user_id] => 98
                                    [post_id] => 38
                                    [created] => 2013-12-23 21:59:25
                                )

                        )

                )

            [Contact] => Array
                (
                )

        )

    [3] => Array
        (
            [Post] => Array
                (
                    [id] => 36
                    [user_id] => 98
                    [contacter_id] => 0
                    [start_id] => 1
                    [goal_id] => 5
                    [dpflag] => 1
                    [stateflag] => 1
                    [member] => 7
                    [encount] => 0000-00-00 00:00:00
                    [created] => 2013-12-19 21:46:33
                    [modified] => 2013-12-19 21:46:33
                )

            [Start] => Array
                (
                    [id] => 1
                    [name] => 滝沢駅
                    [area] => 滝沢
                    [Post] => Array
                        (
                        )

                )

            [Goal] => Array
                (
                    [id] => 5
                    [name] => 青山駅
                    [area] => 青山
                    [Post] => Array
                        (
                        )

                )

            [User] => Array
                (
                    [id] => 98
                    [driverflag] => 1
                    [username] => g031j156
                    [password] => ca933cf812624d8f11a0d1010f45c9d87f7a816d
                    [address] => y.marquis.a@gmail.com
                    [gender] => 男性
                    [grade] => 学部1年
                    [faculty] => 総合政策学部
                    [hobby] => 車いじり
                    [club] => バスケメイン
                    [from] => 秋田
                    [subculture] => dubstep
                    [capacity] => 3
                    [comment] => 
                    [created] => 2013-12-13 22:17:51
                    [modified] => 2013-12-17 17:58:38
                    [Post] => Array
                        (
                            [0] => Array
                                (
                                    [id] => 34
                                    [user_id] => 98
                                    [contacter_id] => 92
                                    [start_id] => 1
                                    [goal_id] => 4
                                    [dpflag] => 0
                                    [stateflag] => 1
                                    [member] => 0
                                    [encount] => 2013-12-27 00:00:00
                                    [created] => 2013-12-13 22:30:58
                                    [modified] => 2013-12-13 22:30:58
                                )

                            [1] => Array
                                (
                                    [id] => 35
                                    [user_id] => 98
                                    [contacter_id] => 0
                                    [start_id] => 6
                                    [goal_id] => 1
                                    [dpflag] => 1
                                    [stateflag] => 0
                                    [member] => 1
                                    [encount] => 2013-12-31 00:00:00
                                    [created] => 2013-12-16 11:54:52
                                    [modified] => 2013-12-16 11:54:52
                                )

                            [2] => Array
                                (
                                    [id] => 36
                                    [user_id] => 98
                                    [contacter_id] => 0
                                    [start_id] => 1
                                    [goal_id] => 5
                                    [dpflag] => 1
                                    [stateflag] => 1
                                    [member] => 7
                                    [encount] => 0000-00-00 00:00:00
                                    [created] => 2013-12-19 21:46:33
                                    [modified] => 2013-12-19 21:46:33
                                )

                            [3] => Array
                                (
                                    [id] => 37
                                    [user_id] => 98
                                    [contacter_id] => 0
                                    [start_id] => 2
                                    [goal_id] => 6
                                    [dpflag] => 0
                                    [stateflag] => 1
                                    [member] => 3
                                    [encount] => 0000-00-00 00:00:00
                                    [created] => 2013-12-19 21:50:58
                                    [modified] => 2013-12-19 21:50:58
                                )

                        )

                    [Contact] => Array
                        (
                            [0] => Array
                                (
                                    [id] => 17
                                    [user_id] => 98
                                    [post_id] => 33
                                    [created] => 2013-12-13 22:19:31
                                )

                            [1] => Array
                                (
                                    [id] => 20
                                    [user_id] => 98
                                    [post_id] => 38
                                    [created] => 2013-12-23 21:59:25
                                )

                        )

                )

            [Contact] => Array
                (
                )

        )

    [4] => Array
        (
            [Post] => Array
                (
                    [id] => 37
                    [user_id] => 98
                    [contacter_id] => 0
                    [start_id] => 2
                    [goal_id] => 6
                    [dpflag] => 0
                    [stateflag] => 1
                    [member] => 3
                    [encount] => 0000-00-00 00:00:00
                    [created] => 2013-12-19 21:50:58
                    [modified] => 2013-12-19 21:50:58
                )

            [Start] => Array
                (
                    [id] => 2
                    [name] => 県大
                    [area] => 滝沢
                    [Post] => Array
                        (
                        )

                )

            [Goal] => Array
                (
                    [id] => 6
                    [name] => 盛岡駅
                    [area] => 盛岡
                    [Post] => Array
                        (
                        )

                )

            [User] => Array
                (
                    [id] => 98
                    [driverflag] => 1
                    [username] => g031j156
                    [password] => ca933cf812624d8f11a0d1010f45c9d87f7a816d
                    [address] => y.marquis.a@gmail.com
                    [gender] => 男性
                    [grade] => 学部1年
                    [faculty] => 総合政策学部
                    [hobby] => 車いじり
                    [club] => バスケメイン
                    [from] => 秋田
                    [subculture] => dubstep
                    [capacity] => 3
                    [comment] => 
                    [created] => 2013-12-13 22:17:51
                    [modified] => 2013-12-17 17:58:38
                    [Post] => Array
                        (
                            [0] => Array
                                (
                                    [id] => 34
                                    [user_id] => 98
                                    [contacter_id] => 92
                                    [start_id] => 1
                                    [goal_id] => 4
                                    [dpflag] => 0
                                    [stateflag] => 1
                                    [member] => 0
                                    [encount] => 2013-12-27 00:00:00
                                    [created] => 2013-12-13 22:30:58
                                    [modified] => 2013-12-13 22:30:58
                                )

                            [1] => Array
                                (
                                    [id] => 35
                                    [user_id] => 98
                                    [contacter_id] => 0
                                    [start_id] => 6
                                    [goal_id] => 1
                                    [dpflag] => 1
                                    [stateflag] => 0
                                    [member] => 1
                                    [encount] => 2013-12-31 00:00:00
                                    [created] => 2013-12-16 11:54:52
                                    [modified] => 2013-12-16 11:54:52
                                )

                            [2] => Array
                                (
                                    [id] => 36
                                    [user_id] => 98
                                    [contacter_id] => 0
                                    [start_id] => 1
                                    [goal_id] => 5
                                    [dpflag] => 1
                                    [stateflag] => 1
                                    [member] => 7
                                    [encount] => 0000-00-00 00:00:00
                                    [created] => 2013-12-19 21:46:33
                                    [modified] => 2013-12-19 21:46:33
                                )

                            [3] => Array
                                (
                                    [id] => 37
                                    [user_id] => 98
                                    [contacter_id] => 0
                                    [start_id] => 2
                                    [goal_id] => 6
                                    [dpflag] => 0
                                    [stateflag] => 1
                                    [member] => 3
                                    [encount] => 0000-00-00 00:00:00
                                    [created] => 2013-12-19 21:50:58
                                    [modified] => 2013-12-19 21:50:58
                                )

                        )

                    [Contact] => Array
                        (
                            [0] => Array
                                (
                                    [id] => 17
                                    [user_id] => 98
                                    [post_id] => 33
                                    [created] => 2013-12-13 22:19:31
                                )

                            [1] => Array
                                (
                                    [id] => 20
                                    [user_id] => 98
                                    [post_id] => 38
                                    [created] => 2013-12-23 21:59:25
                                )

                        )

                )

            [Contact] => Array
                (
                )

        )

    [5] => Array
        (
            [Post] => Array
                (
                    [id] => 38
                    [user_id] => 99
                    [contacter_id] => 98
                    [start_id] => 1
                    [goal_id] => 5
                    [dpflag] => 1
                    [stateflag] => 1
                    [member] => 1
                    [encount] => 2013-12-30 00:00:00
                    [created] => 2013-12-23 21:57:17
                    [modified] => 2013-12-23 21:57:17
                )

            [Start] => Array
                (
                    [id] => 1
                    [name] => 滝沢駅
                    [area] => 滝沢
                    [Post] => Array
                        (
                        )

                )

            [Goal] => Array
                (
                    [id] => 5
                    [name] => 青山駅
                    [area] => 青山
                    [Post] => Array
                        (
                        )

                )

            [User] => Array
                (
                    [id] => 99
                    [driverflag] => 0
                    [username] => g031j156
                    [password] => 29be9c821491ef4a684ee147b85859955e126187
                    [address] => g031j156@s.iwate-pu.ac.jp
                    [gender] => 
                    [grade] => 
                    [faculty] => 
                    [hobby] => 
                    [club] => 
                    [from] => 
                    [subculture] => 
                    [capacity] => 0
                    [comment] => 
                    [created] => 2013-12-23 21:56:12
                    [modified] => 2013-12-23 21:56:54
                    [Post] => Array
                        (
                            [0] => Array
                                (
                                    [id] => 38
                                    [user_id] => 99
                                    [contacter_id] => 98
                                    [start_id] => 1
                                    [goal_id] => 5
                                    [dpflag] => 1
                                    [stateflag] => 1
                                    [member] => 1
                                    [encount] => 2013-12-30 00:00:00
                                    [created] => 2013-12-23 21:57:17
                                    [modified] => 2013-12-23 21:57:17
                                )

                        )

                    [Contact] => Array
                        (
                        )

                )

            [Contact] => Array
                (
                    [0] => Array
                        (
                            [id] => 20
                            [user_id] => 98
                            [post_id] => 38
                            [created] => 2013-12-23 21:59:25
                            [User] => Array
                                (
                                    [id] => 98
                                    [driverflag] => 1
                                    [username] => g031j156
                                    [password] => ca933cf812624d8f11a0d1010f45c9d87f7a816d
                                    [address] => y.marquis.a@gmail.com
                                    [gender] => 男性
                                    [grade] => 学部1年
                                    [faculty] => 総合政策学部
                                    [hobby] => 車いじり
                                    [club] => バスケメイン
                                    [from] => 秋田
                                    [subculture] => dubstep
                                    [capacity] => 3
                                    [comment] => 
                                    [created] => 2013-12-13 22:17:51
                                    [modified] => 2013-12-17 17:58:38
                                )

                        )

                )

        )

)

2013-12-25 22:37:35 Log: Array
(
    [Post] => Array
        (
            [id] => 33
            [user_id] => 92
            [contacter_id] => 98
            [start_id] => 1
            [goal_id] => 2
            [dpflag] => 1
            [stateflag] => 0
            [member] => 0
            [encount] => 2013-12-31 00:00:00
            [created] => 2013-12-13 22:05:23
            [modified] => 2013-12-13 22:05:23
        )

    [Start] => Array
        (
            [id] => 1
            [name] => 滝沢駅
            [area] => 滝沢
            [Post] => Array
                (
                )

        )

    [Goal] => Array
        (
            [id] => 2
            [name] => 県大
            [area] => 滝沢
            [Post] => Array
                (
                )

        )

    [User] => Array
        (
            [id] => 92
            [driverflag] => 0
            [username] => g031j126
            [password] => 31c66115b2f67cb9b2e62ceb2786c4f7fa49e930
            [address] => g031j126@s.iwate-pu.ac.jp
            [gender] => 
            [grade] => 
            [faculty] => 
            [hobby] => 
            [club] => 
            [from] => 
            [subculture] => 
            [capacity] => 0
            [comment] => 
            [created] => 2013-11-28 00:34:44
            [modified] => 2013-11-28 00:35:42
            [Post] => Array
                (
                    [0] => Array
                        (
                            [id] => 33
                            [user_id] => 92
                            [contacter_id] => 98
                            [start_id] => 1
                            [goal_id] => 2
                            [dpflag] => 1
                            [stateflag] => 0
                            [member] => 0
                            [encount] => 2013-12-31 00:00:00
                            [created] => 2013-12-13 22:05:23
                            [modified] => 2013-12-13 22:05:23
                        )

                )

            [Contact] => Array
                (
                    [0] => Array
                        (
                            [id] => 18
                            [user_id] => 92
                            [post_id] => 34
                            [created] => 2013-12-13 22:32:21
                        )

                )

        )

    [Contact] => Array
        (
            [0] => Array
                (
                    [id] => 17
                    [user_id] => 98
                    [post_id] => 33
                    [created] => 2013-12-13 22:19:31
                    [User] => Array
                        (
                            [id] => 98
                            [driverflag] => 1
                            [username] => g031j156
                            [password] => ca933cf812624d8f11a0d1010f45c9d87f7a816d
                            [address] => y.marquis.a@gmail.com
                            [gender] => 男性
                            [grade] => 学部1年
                            [faculty] => 総合政策学部
                            [hobby] => 車いじり
                            [club] => バスケメイン
                            [from] => 秋田
                            [subculture] => dubstep
                            [capacity] => 3
                            [comment] => 
                            [created] => 2013-12-13 22:17:51
                            [modified] => 2013-12-17 17:58:38
                        )

                )

        )

)

2013-12-25 22:38:31 Log: Array
(
    [Post] => Array
        (
            [id] => 33
            [user_id] => 92
            [contacter_id] => 98
            [start_id] => 1
            [goal_id] => 2
            [dpflag] => 1
            [stateflag] => 0
            [member] => 0
            [encount] => 2013-12-31 00:00:00
            [created] => 2013-12-13 22:05:23
            [modified] => 2013-12-13 22:05:23
        )

    [Start] => Array
        (
            [id] => 1
            [name] => 滝沢駅
            [area] => 滝沢
            [Post] => Array
                (
                )

        )

    [Goal] => Array
        (
            [id] => 2
            [name] => 県大
            [area] => 滝沢
            [Post] => Array
                (
                )

        )

    [User] => Array
        (
            [id] => 92
            [driverflag] => 0
            [username] => g031j126
            [password] => 31c66115b2f67cb9b2e62ceb2786c4f7fa49e930
            [address] => g031j126@s.iwate-pu.ac.jp
            [gender] => 
            [grade] => 
            [faculty] => 
            [hobby] => 
            [club] => 
            [from] => 
            [subculture] => 
            [capacity] => 0
            [comment] => 
            [created] => 2013-11-28 00:34:44
            [modified] => 2013-11-28 00:35:42
            [Post] => Array
                (
                    [0] => Array
                        (
                            [id] => 33
                            [user_id] => 92
                            [contacter_id] => 98
                            [start_id] => 1
                            [goal_id] => 2
                            [dpflag] => 1
                            [stateflag] => 0
                            [member] => 0
                            [encount] => 2013-12-31 00:00:00
                            [created] => 2013-12-13 22:05:23
                            [modified] => 2013-12-13 22:05:23
                        )

                )

            [Contact] => Array
                (
                    [0] => Array
                        (
                            [id] => 18
                            [user_id] => 92
                            [post_id] => 34
                            [created] => 2013-12-13 22:32:21
                        )

                )

        )

    [Contact] => Array
        (
            [0] => Array
                (
                    [id] => 17
                    [user_id] => 98
                    [post_id] => 33
                    [created] => 2013-12-13 22:19:31
                    [Post] => Array
                        (
                            [id] => 33
                            [user_id] => 92
                            [contacter_id] => 98
                            [start_id] => 1
                            [goal_id] => 2
                            [dpflag] => 1
                            [stateflag] => 0
                            [member] => 0
                            [encount] => 2013-12-31 00:00:00
                            [created] => 2013-12-13 22:05:23
                            [modified] => 2013-12-13 22:05:23
                        )

                    [User] => Array
                        (
                            [id] => 98
                            [driverflag] => 1
                            [username] => g031j156
                            [password] => ca933cf812624d8f11a0d1010f45c9d87f7a816d
                            [address] => y.marquis.a@gmail.com
                            [gender] => 男性
                            [grade] => 学部1年
                            [faculty] => 総合政策学部
                            [hobby] => 車いじり
                            [club] => バスケメイン
                            [from] => 秋田
                            [subculture] => dubstep
                            [capacity] => 3
                            [comment] => 
                            [created] => 2013-12-13 22:17:51
                            [modified] => 2013-12-17 17:58:38
                        )

                )

        )

)

2013-12-25 22:40:59 Log: Array
(
    [Post] => Array
        (
            [id] => 33
            [user_id] => 92
            [contacter_id] => 98
            [start_id] => 1
            [goal_id] => 2
            [dpflag] => 1
            [stateflag] => 0
            [member] => 0
            [encount] => 2013-12-31 00:00:00
            [created] => 2013-12-13 22:05:23
            [modified] => 2013-12-13 22:05:23
        )

    [Start] => Array
        (
            [id] => 1
            [name] => 滝沢駅
            [area] => 滝沢
            [Post] => Array
                (
                )

        )

    [Goal] => Array
        (
            [id] => 2
            [name] => 県大
            [area] => 滝沢
            [Post] => Array
                (
                )

        )

    [User] => Array
        (
            [id] => 92
            [driverflag] => 0
            [username] => g031j126
            [password] => 31c66115b2f67cb9b2e62ceb2786c4f7fa49e930
            [address] => g031j126@s.iwate-pu.ac.jp
            [gender] => 
            [grade] => 
            [faculty] => 
            [hobby] => 
            [club] => 
            [from] => 
            [subculture] => 
            [capacity] => 0
            [comment] => 
            [created] => 2013-11-28 00:34:44
            [modified] => 2013-11-28 00:35:42
        )

    [Contact] => Array
        (
            [0] => Array
                (
                    [id] => 17
                    [user_id] => 98
                    [post_id] => 33
                    [created] => 2013-12-13 22:19:31
                    [User] => Array
                        (
                            [id] => 98
                            [driverflag] => 1
                            [username] => g031j156
                            [password] => ca933cf812624d8f11a0d1010f45c9d87f7a816d
                            [address] => y.marquis.a@gmail.com
                            [gender] => 男性
                            [grade] => 学部1年
                            [faculty] => 総合政策学部
                            [hobby] => 車いじり
                            [club] => バスケメイン
                            [from] => 秋田
                            [subculture] => dubstep
                            [capacity] => 3
                            [comment] => 
                            [created] => 2013-12-13 22:17:51
                            [modified] => 2013-12-17 17:58:38
                        )

                )

        )

)

